TN:
SF:src/config.ts
FN:39,loadConfig
FN:81,initConfig
FN:92,validateConfig
FNF:3
FNH:3
FNDA:7,loadConfig
FNDA:2,initConfig
FNDA:5,validateConfig
DA:28,1
DA:30,1
DA:40,7
DA:41,7
DA:42,5
DA:43,5
DA:44,5
DA:50,7
DA:51,7
DA:52,7
DA:53,7
DA:54,7
DA:56,7
DA:65,1
DA:82,2
DA:83,1
DA:85,1
DA:86,1
DA:87,1
DA:88,1
DA:89,1
DA:93,5
DA:94,5
DA:95,5
DA:96,5
DA:97,5
LF:26
LH:26
BRDA:41,0,0,5
BRDA:41,0,1,2
BRDA:51,1,0,1
BRDA:51,1,1,6
BRDA:52,2,0,1
BRDA:52,2,1,6
BRDA:53,3,0,1
BRDA:53,3,1,6
BRDA:54,4,0,2
BRDA:54,4,1,5
BRDA:60,5,0,7
BRDA:60,5,1,5
BRDA:82,6,0,1
BRDA:82,6,1,1
BRDA:94,7,0,2
BRDA:94,7,1,3
BRDA:95,8,0,2
BRDA:95,8,1,3
BRDA:96,9,0,2
BRDA:96,9,1,3
BRF:20
BRH:20
end_of_record
TN:
SF:src/launcher.ts
FN:27,spawnPane
FN:57,spawnPanes
FN:66,(anonymous_2)
FN:72,closePane
FN:76,writeToPane
FN:80,resizePane
FNF:6
FNH:6
FNDA:15,spawnPane
FNDA:3,spawnPanes
FNDA:2,(anonymous_2)
FNDA:1,closePane
FNDA:1,writeToPane
FNDA:1,resizePane
DA:32,15
DA:33,15
DA:34,15
DA:36,15
DA:37,15
DA:39,2
DA:40,2
DA:41,1
DA:43,1
DA:46,13
DA:54,15
DA:58,3
DA:59,3
DA:60,5
DA:64,5
DA:65,5
DA:66,2
DA:69,5
DA:73,1
DA:77,1
DA:81,1
LF:21
LH:21
BRDA:32,0,0,15
BRDA:32,1,0,15
BRDA:33,2,0,15
BRDA:33,2,1,14
BRDA:34,3,0,10
BRDA:34,3,1,5
BRDA:40,4,0,1
BRDA:40,4,1,1
BRDA:50,5,0,13
BRDA:50,5,1,1
BRDA:65,6,0,2
BRDA:65,6,1,3
BRF:12
BRH:12
end_of_record
TN:
SF:src/notification-feed.ts
FN:16,(anonymous_0)
FN:23,(anonymous_1)
FN:25,(anonymous_2)
FN:28,(anonymous_3)
FN:35,(anonymous_4)
FN:38,(anonymous_5)
FN:41,(anonymous_6)
FN:42,(anonymous_7)
FN:47,(anonymous_8)
FN:55,(anonymous_9)
FN:60,(anonymous_10)
FN:73,(anonymous_11)
FN:108,(anonymous_12)
FN:120,(anonymous_13)
FN:153,(anonymous_14)
FNF:15
FNH:14
FNDA:28,(anonymous_0)
FNDA:2,(anonymous_1)
FNDA:0,(anonymous_2)
FNDA:3,(anonymous_3)
FNDA:5,(anonymous_4)
FNDA:2,(anonymous_5)
FNDA:39,(anonymous_6)
FNDA:4,(anonymous_7)
FNDA:2,(anonymous_8)
FNDA:5,(anonymous_9)
FNDA:4,(anonymous_10)
FNDA:11,(anonymous_11)
FNDA:10,(anonymous_12)
FNDA:8,(anonymous_13)
FNDA:18,(anonymous_14)
DA:10,28
DA:11,28
DA:12,28
DA:13,28
DA:14,28
DA:17,28
DA:18,28
DA:19,11
DA:24,2
DA:25,2
DA:29,3
DA:30,2
DA:31,2
DA:36,5
DA:37,5
DA:38,5
DA:42,39
DA:43,4
DA:48,2
DA:49,2
DA:50,1
DA:51,1
DA:56,5
DA:57,5
DA:61,4
DA:62,4
DA:63,3
DA:65,1
DA:70,4
DA:74,11
DA:75,11
DA:76,1
DA:79,11
DA:84,10
DA:85,10
DA:86,7
DA:87,7
DA:88,6
DA:89,6
DA:91,6
DA:101,6
DA:105,8
DA:109,10
DA:110,10
DA:114,9
DA:117,7
DA:120,8
DA:128,7
DA:129,7
DA:130,8
DA:131,8
DA:132,7
DA:133,7
DA:143,7
DA:147,7
DA:154,18
DA:155,18
DA:156,2
LF:58
LH:58
BRDA:18,0,0,11
BRDA:18,0,1,17
BRDA:29,1,0,2
BRDA:29,1,1,1
BRDA:49,2,0,1
BRDA:49,2,1,1
BRDA:62,3,0,3
BRDA:62,3,1,1
BRDA:75,4,0,1
BRDA:75,4,1,10
BRDA:87,5,0,6
BRDA:87,5,1,1
BRDA:89,6,0,6
BRDA:89,6,1,5
BRDA:89,6,2,4
BRDA:97,7,0,3
BRDA:97,7,1,3
BRDA:99,8,0,6
BRDA:99,8,1,1
BRDA:105,9,0,6
BRDA:105,9,1,2
BRDA:114,10,0,2
BRDA:114,10,1,7
BRDA:131,11,0,7
BRDA:131,11,1,1
BRDA:132,12,0,7
BRDA:132,12,1,5
BRDA:132,12,2,4
BRDA:139,13,0,4
BRDA:139,13,1,3
BRDA:147,14,0,6
BRDA:147,14,1,1
BRF:32
BRH:32
end_of_record
TN:
SF:src/session-manager.ts
FN:24,(anonymous_0)
FN:31,(anonymous_1)
FN:57,(anonymous_2)
FN:64,(anonymous_3)
FN:79,(anonymous_4)
FN:83,(anonymous_5)
FN:87,(anonymous_6)
FN:94,(anonymous_7)
FN:102,(anonymous_8)
FN:104,(anonymous_9)
FN:107,(anonymous_10)
FN:114,(anonymous_11)
FN:116,(anonymous_12)
FN:128,(anonymous_13)
FNF:14
FNH:13
FNDA:28,(anonymous_0)
FNDA:26,(anonymous_1)
FNDA:0,(anonymous_2)
FNDA:23,(anonymous_3)
FNDA:13,(anonymous_4)
FNDA:56,(anonymous_5)
FNDA:2,(anonymous_6)
FNDA:2,(anonymous_7)
FNDA:4,(anonymous_8)
FNDA:1,(anonymous_9)
FNDA:55,(anonymous_10)
FNDA:26,(anonymous_11)
FNDA:20,(anonymous_12)
FNDA:18,(anonymous_13)
DA:25,28
DA:26,28
DA:27,28
DA:28,28
DA:32,26
DA:33,26
DA:35,26
DA:42,26
DA:43,26
DA:45,26
DA:57,26
DA:58,26
DA:59,26
DA:60,26
DA:61,26
DA:65,23
DA:66,23
DA:68,22
DA:69,21
DA:71,22
DA:72,21
DA:74,22
DA:75,22
DA:76,22
DA:80,13
DA:84,56
DA:88,2
DA:89,2
DA:90,1
DA:95,2
DA:96,2
DA:97,1
DA:98,1
DA:103,4
DA:104,4
DA:108,55
DA:109,55
DA:110,4
DA:115,26
DA:116,26
DA:117,20
DA:118,18
DA:119,18
DA:120,18
DA:121,6
DA:122,6
DA:123,6
DA:129,18
DA:130,18
DA:131,18
DA:132,22
DA:133,22
DA:136,18
DA:137,16
DA:138,12
DA:139,8
DA:140,6
DA:142,2
LF:58
LH:58
BRDA:50,0,0,26
BRDA:50,0,1,25
BRDA:66,1,0,1
BRDA:66,1,1,22
BRDA:68,2,0,21
BRDA:68,2,1,1
BRDA:71,3,0,21
BRDA:71,3,1,1
BRDA:89,4,0,1
BRDA:89,4,1,1
BRDA:96,5,0,1
BRDA:96,5,1,1
BRDA:117,6,0,2
BRDA:117,6,1,18
BRDA:120,7,0,6
BRDA:120,7,1,12
BRDA:133,8,0,16
BRDA:133,8,1,6
BRDA:136,9,0,2
BRDA:136,9,1,16
BRDA:137,10,0,4
BRDA:137,10,1,12
BRDA:138,11,0,4
BRDA:138,11,1,8
BRDA:139,12,0,2
BRDA:139,12,1,6
BRDA:140,13,0,4
BRDA:140,13,1,2
BRF:28
BRH:28
end_of_record
TN:
SF:src/integrations/email-agent.ts
FN:13,(anonymous_0)
FN:15,(anonymous_1)
FN:22,(anonymous_2)
FNF:3
FNH:3
FNDA:4,(anonymous_0)
FNDA:2,(anonymous_1)
FNDA:1,(anonymous_2)
DA:13,4
DA:16,2
DA:19,2
LF:3
LH:3
BRF:0
BRH:0
end_of_record
TN:
SF:src/integrations/teams.ts
FN:34,(anonymous_0)
FN:36,(anonymous_1)
FN:51,(anonymous_2)
FN:56,(anonymous_3)
FN:65,(anonymous_4)
FN:95,(anonymous_5)
FN:106,(anonymous_6)
FN:112,(anonymous_7)
FN:147,(anonymous_8)
FNF:9
FNH:9
FNDA:19,(anonymous_0)
FNDA:16,(anonymous_1)
FNDA:8,(anonymous_2)
FNDA:16,(anonymous_3)
FNDA:16,(anonymous_4)
FNDA:14,(anonymous_5)
FNDA:24,(anonymous_6)
FNDA:23,(anonymous_7)
FNDA:28,(anonymous_8)
DA:3,1
DA:8,1
DA:28,19
DA:29,19
DA:31,19
DA:32,19
DA:34,19
DA:37,16
DA:38,16
DA:39,16
DA:41,0
DA:47,16
DA:48,15
DA:50,15
DA:51,16
DA:52,8
DA:57,16
DA:58,15
DA:59,15
DA:61,16
DA:62,16
DA:66,16
DA:68,16
DA:76,16
DA:77,16
DA:78,3
DA:79,3
DA:83,2
DA:84,2
DA:85,2
DA:93,14
DA:96,14
DA:100,14
DA:101,1
DA:103,13
DA:107,24
DA:108,24
DA:109,23
DA:111,23
DA:113,23
DA:117,23
DA:122,21
DA:124,24
DA:125,6
DA:126,6
DA:129,5
DA:130,3
DA:131,3
DA:134,2
DA:135,2
DA:136,2
DA:137,2
DA:138,2
DA:139,2
DA:143,3
DA:148,28
DA:149,2
DA:153,26
DA:154,26
DA:155,4
DA:156,4
DA:160,3
DA:161,3
DA:168,26
DA:169,2
DA:171,24
LF:66
LH:65
BRDA:50,0,0,15
BRDA:50,0,1,1
BRDA:57,1,0,15
BRDA:57,1,1,1
BRDA:77,2,0,3
BRDA:77,2,1,13
BRDA:83,3,0,2
BRDA:83,3,1,0
BRDA:100,4,0,1
BRDA:100,4,1,13
BRDA:122,5,0,21
BRDA:122,5,1,0
BRDA:126,6,0,1
BRDA:126,6,1,5
BRDA:129,7,0,3
BRDA:129,7,1,2
BRDA:134,8,0,2
BRDA:134,8,1,0
BRDA:136,9,0,2
BRDA:136,9,1,1
BRDA:137,10,0,2
BRDA:137,10,1,0
BRDA:148,11,0,2
BRDA:148,11,1,26
BRDA:154,12,0,4
BRDA:154,12,1,22
BRDA:160,13,0,3
BRDA:160,13,1,0
BRDA:168,14,0,2
BRDA:168,14,1,24
BRF:30
BRH:25
end_of_record
TN:
SF:src/voice/command-parser.ts
FN:22,parseVoiceCommand
FNF:1
FNH:1
FNDA:22,parseVoiceCommand
DA:23,22
DA:26,22
DA:29,22
DA:30,7
DA:34,15
DA:37,15
DA:38,5
DA:47,10
DA:48,3
DA:52,7
DA:53,3
DA:56,4
LF:12
LH:12
BRDA:29,0,0,7
BRDA:29,0,1,15
BRDA:37,1,0,5
BRDA:37,1,1,10
BRDA:47,2,0,3
BRDA:47,2,1,7
BRDA:52,3,0,3
BRDA:52,3,1,4
BRF:8
BRH:8
end_of_record
TN:
SF:src/voice/stt.ts
FN:14,(anonymous_0)
FN:21,(anonymous_1)
FN:42,(anonymous_2)
FN:45,(anonymous_3)
FN:58,(anonymous_4)
FN:66,(anonymous_5)
FNF:6
FNH:6
FNDA:7,(anonymous_0)
FNDA:6,(anonymous_1)
FNDA:5,(anonymous_2)
FNDA:4,(anonymous_3)
FNDA:1,(anonymous_4)
FNDA:3,(anonymous_5)
DA:12,7
DA:14,7
DA:24,6
DA:25,6
DA:27,1
DA:32,5
DA:36,5
DA:38,5
DA:39,5
DA:40,5
DA:42,5
DA:43,5
DA:47,4
DA:50,4
DA:51,3
DA:53,1
DA:55,4
DA:59,1
DA:60,1
DA:67,3
DA:68,3
DA:72,3
LF:22
LH:22
BRDA:47,0,0,3
BRDA:47,0,1,1
BRDA:50,1,0,3
BRDA:50,1,1,1
BRF:4
BRH:4
end_of_record
TN:
SF:src/voice/wake-word.ts
FN:32,(anonymous_0)
FN:34,(anonymous_1)
FN:64,(anonymous_2)
FN:82,(anonymous_3)
FN:87,(anonymous_4)
FN:102,(anonymous_5)
FN:106,(anonymous_6)
FNF:7
FNH:7
FNDA:11,(anonymous_0)
FNDA:10,(anonymous_1)
FNDA:8,(anonymous_2)
FNDA:7,(anonymous_3)
FNDA:8,(anonymous_4)
FNDA:4,(anonymous_5)
FNDA:9,(anonymous_6)
DA:28,11
DA:29,11
DA:30,11
DA:32,11
DA:38,10
DA:39,10
DA:41,1
DA:47,9
DA:50,9
DA:51,9
DA:53,1
DA:58,8
DA:59,8
DA:61,10
DA:64,10
DA:66,10
DA:71,10
DA:73,10
DA:74,10
DA:76,10
DA:77,10
DA:79,10
DA:83,7
DA:84,7
DA:88,8
DA:90,12
DA:91,12
DA:93,8
DA:96,4
DA:97,4
DA:98,1
DA:102,4
DA:107,9
DA:108,9
DA:109,9
DA:110,9
DA:112,9
DA:114,8
DA:115,8
LF:39
LH:39
BRDA:59,0,0,8
BRDA:59,0,1,0
BRDA:61,1,0,1
BRDA:61,1,1,7
BRDA:83,2,0,7
BRDA:83,2,1,5
BRDA:84,3,0,7
BRDA:84,3,1,1
BRDA:97,4,0,1
BRDA:97,4,1,3
BRF:10
BRH:9
end_of_record
